<?xml version="1.0" encoding="UTF-8"?>
<!-- Generated by org.testng.reporters.JUnitReportReporter -->
<testsuite hostname="DESKTOP-653N01I" failures="0" tests="2" name="tests.SearchTest" time="20.243" errors="0" timestamp="2021-12-04T10:20:31 IST" skipped="0">
  <testcase classname="tests.SearchTest" name="searchForANonExistingProduct" time="9.236"/>
  <system-out/>
  <testcase classname="tests.SearchTest" name="searchForAnExistingProduct" time="11.007"/>
  <system-out/>
</testsuite> <!-- tests.SearchTest -->
