<?xml version="1.0" encoding="UTF-8"?>
<!-- Generated by org.testng.reporters.JUnitReportReporter -->
<testsuite hostname="DESKTOP-653N01I" failures="0" tests="2" name="tests.Search" time="19.876" errors="0" timestamp="2021-12-03T12:29:06 IST" skipped="0">
  <testcase classname="tests.Search" name="searchForANonExistingProduct" time="12.920"/>
  <system-out/>
  <testcase classname="tests.Search" name="searchForAnExistingProduct" time="6.956"/>
  <system-out/>
</testsuite> <!-- tests.Search -->
