<?xml version="1.0" encoding="UTF-8"?>
<!-- Generated by org.testng.reporters.JUnitReportReporter -->
<testsuite hostname="DESKTOP-653N01I" failures="0" tests="4" name="tests.Login" time="32.214" errors="0" timestamp="2021-12-03T12:29:06 IST" skipped="0">
  <testcase classname="tests.Login" name="loginWithValidCredentials" time="6.837"/>
  <system-out/>
  <testcase classname="tests.Login" name="loginWithInvalidUsernameAndInvalidPassword" time="7.183"/>
  <system-out/>
  <testcase classname="tests.Login" name="loginWithInvalidUsernameAndValidPassword" time="11.925"/>
  <system-out/>
  <testcase classname="tests.Login" name="loginWithValidUsernameAndInvalidPassword" time="6.269"/>
  <system-out/>
</testsuite> <!-- tests.Login -->
