<?xml version="1.0" encoding="UTF-8"?>
<!-- Generated by org.testng.reporters.JUnitReportReporter -->
<testsuite hostname="DESKTOP-653N01I" failures="0" tests="4" name="tests.LoginTest" time="33.707" errors="0" timestamp="2021-12-03T12:34:24 IST" skipped="0">
  <testcase classname="tests.LoginTest" name="loginWithValidCredentials" time="7.227"/>
  <system-out/>
  <testcase classname="tests.LoginTest" name="loginWithInvalidUsernameAndInvalidPassword" time="12.033"/>
  <system-out/>
  <testcase classname="tests.LoginTest" name="loginWithInvalidUsernameAndValidPassword" time="7.005"/>
  <system-out/>
  <testcase classname="tests.LoginTest" name="loginWithValidUsernameAndInvalidPassword" time="7.442"/>
  <system-out/>
</testsuite> <!-- tests.LoginTest -->
