<?xml version="1.0" encoding="UTF-8"?>
<!-- Generated by org.testng.reporters.JUnitReportReporter -->
<testsuite hostname="DESKTOP-653N01I" failures="0" tests="2" name="tests.SearchTest" time="14.007" errors="0" timestamp="2021-12-03T12:49:58 IST" skipped="0">
  <testcase classname="tests.SearchTest" name="searchForANonExistingProduct" time="5.434"/>
  <system-out/>
  <testcase classname="tests.SearchTest" name="searchForAnExistingProduct" time="8.573"/>
  <system-out/>
</testsuite> <!-- tests.SearchTest -->
